<?xml version="1.0" encoding="UTF-8"?>
<testng-results skipped="0" failed="0" ignored="0" total="1" passed="1">
  <reporter-output>
  </reporter-output>
  <suite name="Suite" duration-ms="21616" started-at="2018-09-18T19:03:25Z" finished-at="2018-09-18T19:03:47Z">
    <groups>
    </groups>
    <test name="Test" duration-ms="21616" started-at="2018-09-18T19:03:25Z" finished-at="2018-09-18T19:03:47Z">
      <class name="Test.TestClass">
        <test-method status="PASS" signature="verifySeleniumBlog()[pri:0, instance:Test.TestClass@feb3fa]" name="verifySeleniumBlog" duration-ms="21546" started-at="2018-09-19T00:33:25Z" finished-at="2018-09-19T00:33:47Z">
          <reporter-output>
          </reporter-output>
        </test-method> <!-- verifySeleniumBlog -->
      </class> <!-- Test.TestClass -->
    </test> <!-- Test -->
  </suite> <!-- Suite -->
</testng-results>
